<?xml version="1.0" encoding="UTF-8" ?>
<testsuite tests="8" failures="0" name="br.com.objective.gourmetgame.ResponseTest" time="0.563" errors="0" skipped="0">
  <properties>
[...]
</properties>
  <testcase classname="br.com.objective.gourmetgame.ResponseTest" name="testQuizCancel" time="0.546"/>
  <testcase classname="br.com.objective.gourmetgame.ResponseTest" name="testNegative" time="0"/>
  <testcase classname="br.com.objective.gourmetgame.ResponseTest" name="testPositive" time="0.002"/>
  <testcase classname="br.com.objective.gourmetgame.ResponseTest" name="testAddQuestion" time="0.001"/>
  <testcase classname="br.com.objective.gourmetgame.ResponseTest" name="testGetInformation" time="0.001"/>
  <testcase classname="br.com.objective.gourmetgame.ResponseTest" name="testQuizEmptyCancel" time="0.006"/>
  <testcase classname="br.com.objective.gourmetgame.ResponseTest" name="testQuizOkPositive" time="0.003"/>
  <testcase classname="br.com.objective.gourmetgame.ResponseTest" name="testQuizOkEmptyPositive" time="0.004"/>
</testsuite>